2014/09/22 08:26:00 [error] [exception.CDbException] exception 'CDbException' with message 'CDbConnection failed to open the DB connection: SQLSTATE[HY000] [1045] Access denied for user 'root'@'10.0.2.32' (using password: YES)' in /Users/zhoujiafei/web/dinner/branches/beta/yii/framework/db/CDbConnection.php:382
Stack trace:
#0 /Users/zhoujiafei/web/dinner/branches/beta/yii/framework/db/CDbConnection.php(330): CDbConnection->open()
#1 /Users/zhoujiafei/web/dinner/branches/beta/yii/framework/db/CDbConnection.php(308): CDbConnection->setActive(true)
#2 /Users/zhoujiafei/web/dinner/branches/beta/yii/framework/base/CModule.php(387): CDbConnection->init()
#3 /Users/zhoujiafei/web/dinner/branches/beta/yii/framework/base/CApplication.php(450): CModule->getComponent('db')
#4 /Users/zhoujiafei/web/dinner/branches/beta/yii/framework/db/ar/CActiveRecord.php(634): CApplication->getDb()
#5 /Users/zhoujiafei/web/dinner/branches/beta/yii/framework/db/ar/CActiveRecord.php(667): CActiveRecord->getDbConnection()
#6 /Users/zhoujiafei/web/dinner/branches/beta/yii/framework/db/ar/CActiveRecord.php(1469): CActiveRecord->getCommandBuilder()
#7 /Users/zhoujiafei/web/dinner/branches/beta/protected/controllers/SiteController.php(95): CActiveRecord->findAll('t.status=:statu...', Array)
#8 /Users/zhoujiafei/web/dinner/branches/beta/yii/framework/web/actions/CInlineAction.php(49): SiteController->actionIndex()
#9 /Users/zhoujiafei/web/dinner/branches/beta/yii/framework/web/CController.php(308): CInlineAction->runWithParams(Array)
#10 /Users/zhoujiafei/web/dinner/branches/beta/yii/framework/web/filters/CFilterChain.php(133): CController->runAction(Object(CInlineAction))
#11 /Users/zhoujiafei/web/dinner/branches/beta/yii/framework/web/CController.php(291): CFilterChain->run()
#12 /Users/zhoujiafei/web/dinner/branches/beta/yii/framework/web/CController.php(265): CController->runActionWithFilters(Object(CInlineAction), Array)
#13 /Users/zhoujiafei/web/dinner/branches/beta/yii/framework/web/CWebApplication.php(282): CController->run('')
#14 /Users/zhoujiafei/web/dinner/branches/beta/yii/framework/web/CWebApplication.php(141): CWebApplication->runController('')
#15 /Users/zhoujiafei/web/dinner/branches/beta/yii/framework/base/CApplication.php(180): CWebApplication->processRequest()
#16 /Users/zhoujiafei/web/dinner/branches/beta/index.php(13): CApplication->run()
#17 {main}
REQUEST_URI=/dinner/branches/beta/index.php
---
2014/09/28 08:55:29 [error] [exception.CHttpException.404] exception 'CHttpException' with message '请选择一家餐厅' in /Users/zhoujiafei/web/dinner/branches/beta/protected/controllers/SiteController.php:127
Stack trace:
#0 /Users/zhoujiafei/web/dinner/branches/beta/yii/framework/web/actions/CInlineAction.php(49): SiteController->actionLookMenu()
#1 /Users/zhoujiafei/web/dinner/branches/beta/yii/framework/web/CController.php(308): CInlineAction->runWithParams(Array)
#2 /Users/zhoujiafei/web/dinner/branches/beta/yii/framework/web/filters/CFilterChain.php(133): CController->runAction(Object(CInlineAction))
#3 /Users/zhoujiafei/web/dinner/branches/beta/protected/controllers/SiteController.php(75): CFilterChain->run()
#4 /Users/zhoujiafei/web/dinner/branches/beta/yii/framework/web/filters/CInlineFilter.php(58): SiteController->filtercheckIsOnTime(Object(CFilterChain))
#5 /Users/zhoujiafei/web/dinner/branches/beta/yii/framework/web/filters/CFilterChain.php(130): CInlineFilter->filter(Object(CFilterChain))
#6 /Users/zhoujiafei/web/dinner/branches/beta/yii/framework/web/CController.php(291): CFilterChain->run()
#7 /Users/zhoujiafei/web/dinner/branches/beta/yii/framework/web/CController.php(265): CController->runActionWithFilters(Object(CInlineAction), Array)
#8 /Users/zhoujiafei/web/dinner/branches/beta/yii/framework/web/CWebApplication.php(282): CController->run('lookmenu')
#9 /Users/zhoujiafei/web/dinner/branches/beta/yii/framework/web/CWebApplication.php(141): CWebApplication->runController('site/lookmenu')
#10 /Users/zhoujiafei/web/dinner/branches/beta/yii/framework/base/CApplication.php(180): CWebApplication->processRequest()
#11 /Users/zhoujiafei/web/dinner/branches/beta/index.php(13): CApplication->run()
#12 {main}
REQUEST_URI=/dinner/branches/beta/index.php?r=site/lookmenu
---
2014/09/28 09:02:39 [warning] [application] Failed to set unsafe attribute "rememberMe" of "LoginForm".
in /Users/zhoujiafei/web/dinner/branches/beta/protected/controllers/UserController.php (25)
in /Users/zhoujiafei/web/dinner/branches/beta/index.php (13)
2014/09/29 12:23:50 [error] [exception.CHttpException.404] exception 'CHttpException' with message '当前购物车没有美食' in /Users/zhoujiafei/web/dinner/branches/beta/protected/controllers/SiteController.php:47
Stack trace:
#0 /Users/zhoujiafei/web/dinner/branches/beta/yii/framework/web/filters/CInlineFilter.php(58): SiteController->filtercheckIsCartEmpty(Object(CFilterChain))
#1 /Users/zhoujiafei/web/dinner/branches/beta/yii/framework/web/filters/CFilterChain.php(130): CInlineFilter->filter(Object(CFilterChain))
#2 /Users/zhoujiafei/web/dinner/branches/beta/yii/framework/web/CController.php(291): CFilterChain->run()
#3 /Users/zhoujiafei/web/dinner/branches/beta/yii/framework/web/CController.php(265): CController->runActionWithFilters(Object(CInlineAction), Array)
#4 /Users/zhoujiafei/web/dinner/branches/beta/yii/framework/web/CWebApplication.php(282): CController->run('lookcart')
#5 /Users/zhoujiafei/web/dinner/branches/beta/yii/framework/web/CWebApplication.php(141): CWebApplication->runController('site/lookcart')
#6 /Users/zhoujiafei/web/dinner/branches/beta/yii/framework/base/CApplication.php(180): CWebApplication->processRequest()
#7 /Users/zhoujiafei/web/dinner/branches/beta/index.php(13): CApplication->run()
#8 {main}
REQUEST_URI=/dinner/branches/beta/index.php?r=site/lookcart
---
2014/11/24 01:33:45 [error] [php] date(): It is not safe to rely on the system's timezone settings. You are *required* to use the date.timezone setting or the date_default_timezone_set() function. In case you used any of those methods and you are still getting this warning, you most likely misspelled the timezone identifier. We selected the timezone 'UTC' for now, but please set date.timezone to select your timezone. (/Users/zhoujiafei/web/dinner/branches/beta/protected/extensions/CheckTime.php:17)
Stack trace:
#0 /Users/zhoujiafei/web/dinner/branches/beta/yii/framework/web/actions/CInlineAction.php(49): SiteController->actionIndex()
#1 /Users/zhoujiafei/web/dinner/branches/beta/yii/framework/web/CController.php(308): CInlineAction->runWithParams()
#2 /Users/zhoujiafei/web/dinner/branches/beta/yii/framework/web/filters/CFilterChain.php(133): SiteController->runAction()
#3 /Users/zhoujiafei/web/dinner/branches/beta/yii/framework/web/CController.php(291): CFilterChain->run()
#4 /Users/zhoujiafei/web/dinner/branches/beta/yii/framework/web/CController.php(265): SiteController->runActionWithFilters()
#5 /Users/zhoujiafei/web/dinner/branches/beta/yii/framework/web/CWebApplication.php(282): SiteController->run()
#6 /Users/zhoujiafei/web/dinner/branches/beta/yii/framework/web/CWebApplication.php(141): CWebApplication->runController()
#7 /Users/zhoujiafei/web/dinner/branches/beta/yii/framework/base/CApplication.php(180): CWebApplication->processRequest()
#8 /Users/zhoujiafei/web/dinner/branches/beta/index.php(13): CWebApplication->run()
REQUEST_URI=/dinner/branches/beta/index.php
in /Users/zhoujiafei/web/dinner/branches/beta/protected/extensions/CheckTime.php (17)
in /Users/zhoujiafei/web/dinner/branches/beta/protected/controllers/SiteController.php (116)
in /Users/zhoujiafei/web/dinner/branches/beta/index.php (13)
2014/11/24 01:33:45 [error] [php] date(): It is not safe to rely on the system's timezone settings. You are *required* to use the date.timezone setting or the date_default_timezone_set() function. In case you used any of those methods and you are still getting this warning, you most likely misspelled the timezone identifier. We selected the timezone 'UTC' for now, but please set date.timezone to select your timezone. (/Users/zhoujiafei/web/dinner/branches/beta/protected/extensions/CheckTime.php:17)
Stack trace:
#0 /Users/zhoujiafei/web/dinner/branches/beta/yii/framework/web/actions/CInlineAction.php(49): SiteController->actionIndex()
#1 /Users/zhoujiafei/web/dinner/branches/beta/yii/framework/web/CController.php(308): CInlineAction->runWithParams()
#2 /Users/zhoujiafei/web/dinner/branches/beta/yii/framework/web/filters/CFilterChain.php(133): SiteController->runAction()
#3 /Users/zhoujiafei/web/dinner/branches/beta/yii/framework/web/CController.php(291): CFilterChain->run()
#4 /Users/zhoujiafei/web/dinner/branches/beta/yii/framework/web/CController.php(265): SiteController->runActionWithFilters()
#5 /Users/zhoujiafei/web/dinner/branches/beta/yii/framework/web/CWebApplication.php(282): SiteController->run()
#6 /Users/zhoujiafei/web/dinner/branches/beta/yii/framework/web/CWebApplication.php(141): CWebApplication->runController()
#7 /Users/zhoujiafei/web/dinner/branches/beta/yii/framework/base/CApplication.php(180): CWebApplication->processRequest()
#8 /Users/zhoujiafei/web/dinner/branches/beta/index.php(13): CWebApplication->run()
REQUEST_URI=/dinner/branches/beta/index.php
in /Users/zhoujiafei/web/dinner/branches/beta/protected/extensions/CheckTime.php (17)
in /Users/zhoujiafei/web/dinner/branches/beta/protected/controllers/SiteController.php (116)
in /Users/zhoujiafei/web/dinner/branches/beta/index.php (13)
2014/11/26 07:59:48 [error] [php] date(): It is not safe to rely on the system's timezone settings. You are *required* to use the date.timezone setting or the date_default_timezone_set() function. In case you used any of those methods and you are still getting this warning, you most likely misspelled the timezone identifier. We selected the timezone 'UTC' for now, but please set date.timezone to select your timezone. (/Users/zhoujiafei/web/dinner/branches/beta/protected/extensions/CheckTime.php:17)
Stack trace:
#0 /Users/zhoujiafei/web/dinner/branches/beta/yii/framework/web/actions/CInlineAction.php(49): SiteController->actionIndex()
#1 /Users/zhoujiafei/web/dinner/branches/beta/yii/framework/web/CController.php(308): CInlineAction->runWithParams()
#2 /Users/zhoujiafei/web/dinner/branches/beta/yii/framework/web/filters/CFilterChain.php(133): SiteController->runAction()
#3 /Users/zhoujiafei/web/dinner/branches/beta/yii/framework/web/CController.php(291): CFilterChain->run()
#4 /Users/zhoujiafei/web/dinner/branches/beta/yii/framework/web/CController.php(265): SiteController->runActionWithFilters()
#5 /Users/zhoujiafei/web/dinner/branches/beta/yii/framework/web/CWebApplication.php(282): SiteController->run()
#6 /Users/zhoujiafei/web/dinner/branches/beta/yii/framework/web/CWebApplication.php(141): CWebApplication->runController()
#7 /Users/zhoujiafei/web/dinner/branches/beta/yii/framework/base/CApplication.php(180): CWebApplication->processRequest()
#8 /Users/zhoujiafei/web/dinner/branches/beta/index.php(13): CWebApplication->run()
REQUEST_URI=/dinner/branches/beta/index.php
in /Users/zhoujiafei/web/dinner/branches/beta/protected/extensions/CheckTime.php (17)
in /Users/zhoujiafei/web/dinner/branches/beta/protected/controllers/SiteController.php (116)
in /Users/zhoujiafei/web/dinner/branches/beta/index.php (13)
2014/11/26 08:00:12 [error] [php] date(): It is not safe to rely on the system's timezone settings. You are *required* to use the date.timezone setting or the date_default_timezone_set() function. In case you used any of those methods and you are still getting this warning, you most likely misspelled the timezone identifier. We selected the timezone 'UTC' for now, but please set date.timezone to select your timezone. (/Users/zhoujiafei/web/dinner/branches/beta/protected/extensions/CheckTime.php:17)
Stack trace:
#0 /Users/zhoujiafei/web/dinner/branches/beta/yii/framework/web/actions/CInlineAction.php(49): SiteController->actionIndex()
#1 /Users/zhoujiafei/web/dinner/branches/beta/yii/framework/web/CController.php(308): CInlineAction->runWithParams()
#2 /Users/zhoujiafei/web/dinner/branches/beta/yii/framework/web/filters/CFilterChain.php(133): SiteController->runAction()
#3 /Users/zhoujiafei/web/dinner/branches/beta/yii/framework/web/CController.php(291): CFilterChain->run()
#4 /Users/zhoujiafei/web/dinner/branches/beta/yii/framework/web/CController.php(265): SiteController->runActionWithFilters()
#5 /Users/zhoujiafei/web/dinner/branches/beta/yii/framework/web/CWebApplication.php(282): SiteController->run()
#6 /Users/zhoujiafei/web/dinner/branches/beta/yii/framework/web/CWebApplication.php(141): CWebApplication->runController()
#7 /Users/zhoujiafei/web/dinner/branches/beta/yii/framework/base/CApplication.php(180): CWebApplication->processRequest()
#8 /Users/zhoujiafei/web/dinner/branches/beta/index.php(13): CWebApplication->run()
REQUEST_URI=/dinner/branches/beta/index.php
in /Users/zhoujiafei/web/dinner/branches/beta/protected/extensions/CheckTime.php (17)
in /Users/zhoujiafei/web/dinner/branches/beta/protected/controllers/SiteController.php (116)
in /Users/zhoujiafei/web/dinner/branches/beta/index.php (13)
2014/11/26 08:05:08 [error] [php] date(): It is not safe to rely on the system's timezone settings. You are *required* to use the date.timezone setting or the date_default_timezone_set() function. In case you used any of those methods and you are still getting this warning, you most likely misspelled the timezone identifier. We selected the timezone 'UTC' for now, but please set date.timezone to select your timezone. (/Users/zhoujiafei/web/dinner/branches/beta/protected/extensions/CheckTime.php:17)
Stack trace:
#0 /Users/zhoujiafei/web/dinner/branches/beta/yii/framework/web/actions/CInlineAction.php(49): SiteController->actionIndex()
#1 /Users/zhoujiafei/web/dinner/branches/beta/yii/framework/web/CController.php(308): CInlineAction->runWithParams()
#2 /Users/zhoujiafei/web/dinner/branches/beta/yii/framework/web/filters/CFilterChain.php(133): SiteController->runAction()
#3 /Users/zhoujiafei/web/dinner/branches/beta/yii/framework/web/CController.php(291): CFilterChain->run()
#4 /Users/zhoujiafei/web/dinner/branches/beta/yii/framework/web/CController.php(265): SiteController->runActionWithFilters()
#5 /Users/zhoujiafei/web/dinner/branches/beta/yii/framework/web/CWebApplication.php(282): SiteController->run()
#6 /Users/zhoujiafei/web/dinner/branches/beta/yii/framework/web/CWebApplication.php(141): CWebApplication->runController()
#7 /Users/zhoujiafei/web/dinner/branches/beta/yii/framework/base/CApplication.php(180): CWebApplication->processRequest()
#8 /Users/zhoujiafei/web/dinner/branches/beta/index.php(13): CWebApplication->run()
REQUEST_URI=/dinner/branches/beta/index.php
in /Users/zhoujiafei/web/dinner/branches/beta/protected/extensions/CheckTime.php (17)
in /Users/zhoujiafei/web/dinner/branches/beta/protected/controllers/SiteController.php (116)
in /Users/zhoujiafei/web/dinner/branches/beta/index.php (13)
2014/11/28 05:31:37 [error] [php] date(): It is not safe to rely on the system's timezone settings. You are *required* to use the date.timezone setting or the date_default_timezone_set() function. In case you used any of those methods and you are still getting this warning, you most likely misspelled the timezone identifier. We selected the timezone 'UTC' for now, but please set date.timezone to select your timezone. (/Users/zhoujiafei/web/dinner/branches/beta/protected/extensions/CheckTime.php:17)
Stack trace:
#0 /Users/zhoujiafei/web/dinner/branches/beta/yii/framework/web/actions/CInlineAction.php(49): SiteController->actionIndex()
#1 /Users/zhoujiafei/web/dinner/branches/beta/yii/framework/web/CController.php(308): CInlineAction->runWithParams()
#2 /Users/zhoujiafei/web/dinner/branches/beta/yii/framework/web/filters/CFilterChain.php(133): SiteController->runAction()
#3 /Users/zhoujiafei/web/dinner/branches/beta/yii/framework/web/CController.php(291): CFilterChain->run()
#4 /Users/zhoujiafei/web/dinner/branches/beta/yii/framework/web/CController.php(265): SiteController->runActionWithFilters()
#5 /Users/zhoujiafei/web/dinner/branches/beta/yii/framework/web/CWebApplication.php(282): SiteController->run()
#6 /Users/zhoujiafei/web/dinner/branches/beta/yii/framework/web/CWebApplication.php(141): CWebApplication->runController()
#7 /Users/zhoujiafei/web/dinner/branches/beta/yii/framework/base/CApplication.php(180): CWebApplication->processRequest()
#8 /Users/zhoujiafei/web/dinner/branches/beta/index.php(13): CWebApplication->run()
REQUEST_URI=/dinner/branches/beta/index.php
in /Users/zhoujiafei/web/dinner/branches/beta/protected/extensions/CheckTime.php (17)
in /Users/zhoujiafei/web/dinner/branches/beta/protected/controllers/SiteController.php (116)
in /Users/zhoujiafei/web/dinner/branches/beta/index.php (13)
2014/11/28 05:31:38 [error] [php] date(): It is not safe to rely on the system's timezone settings. You are *required* to use the date.timezone setting or the date_default_timezone_set() function. In case you used any of those methods and you are still getting this warning, you most likely misspelled the timezone identifier. We selected the timezone 'UTC' for now, but please set date.timezone to select your timezone. (/Users/zhoujiafei/web/dinner/branches/beta/protected/extensions/CheckTime.php:17)
Stack trace:
#0 /Users/zhoujiafei/web/dinner/branches/beta/yii/framework/web/actions/CInlineAction.php(49): SiteController->actionIndex()
#1 /Users/zhoujiafei/web/dinner/branches/beta/yii/framework/web/CController.php(308): CInlineAction->runWithParams()
#2 /Users/zhoujiafei/web/dinner/branches/beta/yii/framework/web/filters/CFilterChain.php(133): SiteController->runAction()
#3 /Users/zhoujiafei/web/dinner/branches/beta/yii/framework/web/CController.php(291): CFilterChain->run()
#4 /Users/zhoujiafei/web/dinner/branches/beta/yii/framework/web/CController.php(265): SiteController->runActionWithFilters()
#5 /Users/zhoujiafei/web/dinner/branches/beta/yii/framework/web/CWebApplication.php(282): SiteController->run()
#6 /Users/zhoujiafei/web/dinner/branches/beta/yii/framework/web/CWebApplication.php(141): CWebApplication->runController()
#7 /Users/zhoujiafei/web/dinner/branches/beta/yii/framework/base/CApplication.php(180): CWebApplication->processRequest()
#8 /Users/zhoujiafei/web/dinner/branches/beta/index.php(13): CWebApplication->run()
REQUEST_URI=/dinner/branches/beta/index.php
in /Users/zhoujiafei/web/dinner/branches/beta/protected/extensions/CheckTime.php (17)
in /Users/zhoujiafei/web/dinner/branches/beta/protected/controllers/SiteController.php (116)
in /Users/zhoujiafei/web/dinner/branches/beta/index.php (13)
2014/12/01 01:26:53 [error] [php] date(): It is not safe to rely on the system's timezone settings. You are *required* to use the date.timezone setting or the date_default_timezone_set() function. In case you used any of those methods and you are still getting this warning, you most likely misspelled the timezone identifier. We selected the timezone 'UTC' for now, but please set date.timezone to select your timezone. (/Users/zhoujiafei/web/dinner/branches/beta/protected/extensions/CheckTime.php:17)
Stack trace:
#0 /Users/zhoujiafei/web/dinner/branches/beta/yii/framework/web/actions/CInlineAction.php(49): SiteController->actionIndex()
#1 /Users/zhoujiafei/web/dinner/branches/beta/yii/framework/web/CController.php(308): CInlineAction->runWithParams()
#2 /Users/zhoujiafei/web/dinner/branches/beta/yii/framework/web/filters/CFilterChain.php(133): SiteController->runAction()
#3 /Users/zhoujiafei/web/dinner/branches/beta/yii/framework/web/CController.php(291): CFilterChain->run()
#4 /Users/zhoujiafei/web/dinner/branches/beta/yii/framework/web/CController.php(265): SiteController->runActionWithFilters()
#5 /Users/zhoujiafei/web/dinner/branches/beta/yii/framework/web/CWebApplication.php(282): SiteController->run()
#6 /Users/zhoujiafei/web/dinner/branches/beta/yii/framework/web/CWebApplication.php(141): CWebApplication->runController()
#7 /Users/zhoujiafei/web/dinner/branches/beta/yii/framework/base/CApplication.php(180): CWebApplication->processRequest()
#8 /Users/zhoujiafei/web/dinner/branches/beta/index.php(13): CWebApplication->run()
REQUEST_URI=/dinner/branches/beta/index.php
in /Users/zhoujiafei/web/dinner/branches/beta/protected/extensions/CheckTime.php (17)
in /Users/zhoujiafei/web/dinner/branches/beta/protected/controllers/SiteController.php (116)
in /Users/zhoujiafei/web/dinner/branches/beta/index.php (13)
2014/12/08 02:36:19 [error] [php] date(): It is not safe to rely on the system's timezone settings. You are *required* to use the date.timezone setting or the date_default_timezone_set() function. In case you used any of those methods and you are still getting this warning, you most likely misspelled the timezone identifier. We selected the timezone 'UTC' for now, but please set date.timezone to select your timezone. (/Users/zhoujiafei/web/dinner/branches/beta/protected/extensions/CheckTime.php:17)
Stack trace:
#0 /Users/zhoujiafei/web/dinner/branches/beta/yii/framework/web/actions/CInlineAction.php(49): SiteController->actionIndex()
#1 /Users/zhoujiafei/web/dinner/branches/beta/yii/framework/web/CController.php(308): CInlineAction->runWithParams()
#2 /Users/zhoujiafei/web/dinner/branches/beta/yii/framework/web/filters/CFilterChain.php(133): SiteController->runAction()
#3 /Users/zhoujiafei/web/dinner/branches/beta/yii/framework/web/CController.php(291): CFilterChain->run()
#4 /Users/zhoujiafei/web/dinner/branches/beta/yii/framework/web/CController.php(265): SiteController->runActionWithFilters()
#5 /Users/zhoujiafei/web/dinner/branches/beta/yii/framework/web/CWebApplication.php(282): SiteController->run()
#6 /Users/zhoujiafei/web/dinner/branches/beta/yii/framework/web/CWebApplication.php(141): CWebApplication->runController()
#7 /Users/zhoujiafei/web/dinner/branches/beta/yii/framework/base/CApplication.php(180): CWebApplication->processRequest()
#8 /Users/zhoujiafei/web/dinner/branches/beta/index.php(13): CWebApplication->run()
REQUEST_URI=/dinner/branches/beta/index.php
in /Users/zhoujiafei/web/dinner/branches/beta/protected/extensions/CheckTime.php (17)
in /Users/zhoujiafei/web/dinner/branches/beta/protected/controllers/SiteController.php (116)
in /Users/zhoujiafei/web/dinner/branches/beta/index.php (13)
2014/12/08 02:36:20 [error] [php] date(): It is not safe to rely on the system's timezone settings. You are *required* to use the date.timezone setting or the date_default_timezone_set() function. In case you used any of those methods and you are still getting this warning, you most likely misspelled the timezone identifier. We selected the timezone 'UTC' for now, but please set date.timezone to select your timezone. (/Users/zhoujiafei/web/dinner/branches/beta/protected/extensions/CheckTime.php:17)
Stack trace:
#0 /Users/zhoujiafei/web/dinner/branches/beta/yii/framework/web/actions/CInlineAction.php(49): SiteController->actionIndex()
#1 /Users/zhoujiafei/web/dinner/branches/beta/yii/framework/web/CController.php(308): CInlineAction->runWithParams()
#2 /Users/zhoujiafei/web/dinner/branches/beta/yii/framework/web/filters/CFilterChain.php(133): SiteController->runAction()
#3 /Users/zhoujiafei/web/dinner/branches/beta/yii/framework/web/CController.php(291): CFilterChain->run()
#4 /Users/zhoujiafei/web/dinner/branches/beta/yii/framework/web/CController.php(265): SiteController->runActionWithFilters()
#5 /Users/zhoujiafei/web/dinner/branches/beta/yii/framework/web/CWebApplication.php(282): SiteController->run()
#6 /Users/zhoujiafei/web/dinner/branches/beta/yii/framework/web/CWebApplication.php(141): CWebApplication->runController()
#7 /Users/zhoujiafei/web/dinner/branches/beta/yii/framework/base/CApplication.php(180): CWebApplication->processRequest()
#8 /Users/zhoujiafei/web/dinner/branches/beta/index.php(13): CWebApplication->run()
REQUEST_URI=/dinner/branches/beta/index.php
in /Users/zhoujiafei/web/dinner/branches/beta/protected/extensions/CheckTime.php (17)
in /Users/zhoujiafei/web/dinner/branches/beta/protected/controllers/SiteController.php (116)
in /Users/zhoujiafei/web/dinner/branches/beta/index.php (13)
2014/12/12 04:30:11 [error] [php] date(): It is not safe to rely on the system's timezone settings. You are *required* to use the date.timezone setting or the date_default_timezone_set() function. In case you used any of those methods and you are still getting this warning, you most likely misspelled the timezone identifier. We selected the timezone 'UTC' for now, but please set date.timezone to select your timezone. (/Users/zhoujiafei/web/dinner/branches/beta/protected/extensions/CheckTime.php:17)
Stack trace:
#0 /Users/zhoujiafei/web/dinner/branches/beta/yii/framework/web/actions/CInlineAction.php(49): SiteController->actionIndex()
#1 /Users/zhoujiafei/web/dinner/branches/beta/yii/framework/web/CController.php(308): CInlineAction->runWithParams()
#2 /Users/zhoujiafei/web/dinner/branches/beta/yii/framework/web/filters/CFilterChain.php(133): SiteController->runAction()
#3 /Users/zhoujiafei/web/dinner/branches/beta/yii/framework/web/CController.php(291): CFilterChain->run()
#4 /Users/zhoujiafei/web/dinner/branches/beta/yii/framework/web/CController.php(265): SiteController->runActionWithFilters()
#5 /Users/zhoujiafei/web/dinner/branches/beta/yii/framework/web/CWebApplication.php(282): SiteController->run()
#6 /Users/zhoujiafei/web/dinner/branches/beta/yii/framework/web/CWebApplication.php(141): CWebApplication->runController()
#7 /Users/zhoujiafei/web/dinner/branches/beta/yii/framework/base/CApplication.php(180): CWebApplication->processRequest()
#8 /Users/zhoujiafei/web/dinner/branches/beta/index.php(13): CWebApplication->run()
REQUEST_URI=/dinner/branches/beta/index.php
in /Users/zhoujiafei/web/dinner/branches/beta/protected/extensions/CheckTime.php (17)
in /Users/zhoujiafei/web/dinner/branches/beta/protected/controllers/SiteController.php (116)
in /Users/zhoujiafei/web/dinner/branches/beta/index.php (13)
2014/12/12 04:30:11 [error] [php] date(): It is not safe to rely on the system's timezone settings. You are *required* to use the date.timezone setting or the date_default_timezone_set() function. In case you used any of those methods and you are still getting this warning, you most likely misspelled the timezone identifier. We selected the timezone 'UTC' for now, but please set date.timezone to select your timezone. (/Users/zhoujiafei/web/dinner/branches/beta/protected/extensions/CheckTime.php:17)
Stack trace:
#0 /Users/zhoujiafei/web/dinner/branches/beta/yii/framework/web/actions/CInlineAction.php(49): SiteController->actionIndex()
#1 /Users/zhoujiafei/web/dinner/branches/beta/yii/framework/web/CController.php(308): CInlineAction->runWithParams()
#2 /Users/zhoujiafei/web/dinner/branches/beta/yii/framework/web/filters/CFilterChain.php(133): SiteController->runAction()
#3 /Users/zhoujiafei/web/dinner/branches/beta/yii/framework/web/CController.php(291): CFilterChain->run()
#4 /Users/zhoujiafei/web/dinner/branches/beta/yii/framework/web/CController.php(265): SiteController->runActionWithFilters()
#5 /Users/zhoujiafei/web/dinner/branches/beta/yii/framework/web/CWebApplication.php(282): SiteController->run()
#6 /Users/zhoujiafei/web/dinner/branches/beta/yii/framework/web/CWebApplication.php(141): CWebApplication->runController()
#7 /Users/zhoujiafei/web/dinner/branches/beta/yii/framework/base/CApplication.php(180): CWebApplication->processRequest()
#8 /Users/zhoujiafei/web/dinner/branches/beta/index.php(13): CWebApplication->run()
REQUEST_URI=/dinner/branches/beta/index.php
in /Users/zhoujiafei/web/dinner/branches/beta/protected/extensions/CheckTime.php (17)
in /Users/zhoujiafei/web/dinner/branches/beta/protected/controllers/SiteController.php (116)
in /Users/zhoujiafei/web/dinner/branches/beta/index.php (13)
2014/12/12 08:08:39 [error] [php] date(): It is not safe to rely on the system's timezone settings. You are *required* to use the date.timezone setting or the date_default_timezone_set() function. In case you used any of those methods and you are still getting this warning, you most likely misspelled the timezone identifier. We selected the timezone 'UTC' for now, but please set date.timezone to select your timezone. (/Users/zhoujiafei/web/dinner/branches/beta/protected/extensions/CheckTime.php:17)
Stack trace:
#0 /Users/zhoujiafei/web/dinner/branches/beta/yii/framework/web/actions/CInlineAction.php(49): SiteController->actionIndex()
#1 /Users/zhoujiafei/web/dinner/branches/beta/yii/framework/web/CController.php(308): CInlineAction->runWithParams()
#2 /Users/zhoujiafei/web/dinner/branches/beta/yii/framework/web/filters/CFilterChain.php(133): SiteController->runAction()
#3 /Users/zhoujiafei/web/dinner/branches/beta/yii/framework/web/CController.php(291): CFilterChain->run()
#4 /Users/zhoujiafei/web/dinner/branches/beta/yii/framework/web/CController.php(265): SiteController->runActionWithFilters()
#5 /Users/zhoujiafei/web/dinner/branches/beta/yii/framework/web/CWebApplication.php(282): SiteController->run()
#6 /Users/zhoujiafei/web/dinner/branches/beta/yii/framework/web/CWebApplication.php(141): CWebApplication->runController()
#7 /Users/zhoujiafei/web/dinner/branches/beta/yii/framework/base/CApplication.php(180): CWebApplication->processRequest()
#8 /Users/zhoujiafei/web/dinner/branches/beta/index.php(13): CWebApplication->run()
REQUEST_URI=/dinner/branches/beta/index.php
in /Users/zhoujiafei/web/dinner/branches/beta/protected/extensions/CheckTime.php (17)
in /Users/zhoujiafei/web/dinner/branches/beta/protected/controllers/SiteController.php (116)
in /Users/zhoujiafei/web/dinner/branches/beta/index.php (13)
2014/12/12 08:09:35 [error] [php] date(): It is not safe to rely on the system's timezone settings. You are *required* to use the date.timezone setting or the date_default_timezone_set() function. In case you used any of those methods and you are still getting this warning, you most likely misspelled the timezone identifier. We selected the timezone 'UTC' for now, but please set date.timezone to select your timezone. (/Users/zhoujiafei/web/dinner/branches/beta/protected/extensions/CheckTime.php:17)
Stack trace:
#0 /Users/zhoujiafei/web/dinner/branches/beta/yii/framework/web/actions/CInlineAction.php(49): SiteController->actionIndex()
#1 /Users/zhoujiafei/web/dinner/branches/beta/yii/framework/web/CController.php(308): CInlineAction->runWithParams()
#2 /Users/zhoujiafei/web/dinner/branches/beta/yii/framework/web/filters/CFilterChain.php(133): SiteController->runAction()
#3 /Users/zhoujiafei/web/dinner/branches/beta/yii/framework/web/CController.php(291): CFilterChain->run()
#4 /Users/zhoujiafei/web/dinner/branches/beta/yii/framework/web/CController.php(265): SiteController->runActionWithFilters()
#5 /Users/zhoujiafei/web/dinner/branches/beta/yii/framework/web/CWebApplication.php(282): SiteController->run()
#6 /Users/zhoujiafei/web/dinner/branches/beta/yii/framework/web/CWebApplication.php(141): CWebApplication->runController()
#7 /Users/zhoujiafei/web/dinner/branches/beta/yii/framework/base/CApplication.php(180): CWebApplication->processRequest()
#8 /Users/zhoujiafei/web/dinner/branches/beta/index.php(13): CWebApplication->run()
REQUEST_URI=/dinner/branches/beta/index.php
in /Users/zhoujiafei/web/dinner/branches/beta/protected/extensions/CheckTime.php (17)
in /Users/zhoujiafei/web/dinner/branches/beta/protected/controllers/SiteController.php (116)
in /Users/zhoujiafei/web/dinner/branches/beta/index.php (13)
2014/12/18 09:32:06 [error] [php] date(): It is not safe to rely on the system's timezone settings. You are *required* to use the date.timezone setting or the date_default_timezone_set() function. In case you used any of those methods and you are still getting this warning, you most likely misspelled the timezone identifier. We selected the timezone 'UTC' for now, but please set date.timezone to select your timezone. (/Users/zhoujiafei/web/dinner/branches/beta/protected/extensions/CheckTime.php:17)
Stack trace:
#0 /Users/zhoujiafei/web/dinner/branches/beta/yii/framework/web/actions/CInlineAction.php(49): SiteController->actionIndex()
#1 /Users/zhoujiafei/web/dinner/branches/beta/yii/framework/web/CController.php(308): CInlineAction->runWithParams()
#2 /Users/zhoujiafei/web/dinner/branches/beta/yii/framework/web/filters/CFilterChain.php(133): SiteController->runAction()
#3 /Users/zhoujiafei/web/dinner/branches/beta/yii/framework/web/CController.php(291): CFilterChain->run()
#4 /Users/zhoujiafei/web/dinner/branches/beta/yii/framework/web/CController.php(265): SiteController->runActionWithFilters()
#5 /Users/zhoujiafei/web/dinner/branches/beta/yii/framework/web/CWebApplication.php(282): SiteController->run()
#6 /Users/zhoujiafei/web/dinner/branches/beta/yii/framework/web/CWebApplication.php(141): CWebApplication->runController()
#7 /Users/zhoujiafei/web/dinner/branches/beta/yii/framework/base/CApplication.php(180): CWebApplication->processRequest()
#8 /Users/zhoujiafei/web/dinner/branches/beta/index.php(13): CWebApplication->run()
REQUEST_URI=/dinner/branches/beta/index.php
in /Users/zhoujiafei/web/dinner/branches/beta/protected/extensions/CheckTime.php (17)
in /Users/zhoujiafei/web/dinner/branches/beta/protected/controllers/SiteController.php (116)
in /Users/zhoujiafei/web/dinner/branches/beta/index.php (13)
2014/12/18 09:32:06 [error] [php] date(): It is not safe to rely on the system's timezone settings. You are *required* to use the date.timezone setting or the date_default_timezone_set() function. In case you used any of those methods and you are still getting this warning, you most likely misspelled the timezone identifier. We selected the timezone 'UTC' for now, but please set date.timezone to select your timezone. (/Users/zhoujiafei/web/dinner/branches/beta/protected/extensions/CheckTime.php:17)
Stack trace:
#0 /Users/zhoujiafei/web/dinner/branches/beta/yii/framework/web/actions/CInlineAction.php(49): SiteController->actionIndex()
#1 /Users/zhoujiafei/web/dinner/branches/beta/yii/framework/web/CController.php(308): CInlineAction->runWithParams()
#2 /Users/zhoujiafei/web/dinner/branches/beta/yii/framework/web/filters/CFilterChain.php(133): SiteController->runAction()
#3 /Users/zhoujiafei/web/dinner/branches/beta/yii/framework/web/CController.php(291): CFilterChain->run()
#4 /Users/zhoujiafei/web/dinner/branches/beta/yii/framework/web/CController.php(265): SiteController->runActionWithFilters()
#5 /Users/zhoujiafei/web/dinner/branches/beta/yii/framework/web/CWebApplication.php(282): SiteController->run()
#6 /Users/zhoujiafei/web/dinner/branches/beta/yii/framework/web/CWebApplication.php(141): CWebApplication->runController()
#7 /Users/zhoujiafei/web/dinner/branches/beta/yii/framework/base/CApplication.php(180): CWebApplication->processRequest()
#8 /Users/zhoujiafei/web/dinner/branches/beta/index.php(13): CWebApplication->run()
REQUEST_URI=/dinner/branches/beta/index.php
in /Users/zhoujiafei/web/dinner/branches/beta/protected/extensions/CheckTime.php (17)
in /Users/zhoujiafei/web/dinner/branches/beta/protected/controllers/SiteController.php (116)
in /Users/zhoujiafei/web/dinner/branches/beta/index.php (13)
